13/09/21 15:00 ssh etudiant www
13/09/21 15:00 ssh etudiant www
14/09/21 15:00 ssh etudiant www
13/09/21 15:00 ssh etudiant www 
13/09/21 15:00 ssh etudiant www
13/09/21 15:00 ssh etudiant www
14/09/21 15:00 ssh etudiant www
09/09/21 15:00 ssh lorie    postedetravail
13/09/21 15:00 ssh etudiant www
13/09/21 15:00 ssh etudiant www
14/09/21 15:00 ssh etudiant www
13/09/21 15:00 ssh etudiant www
13/09/21 15:00 ssh marin    www
13/09/21 15:00 ssh etudiant www
13/09/21 15:00 ssh etudiant www
13/09/21 15:00 ssh etudiant www
13/09/21 15:00 ssh etudiant www
09/09/21 15:00 ssh lorie    postedetravail
13/09/21 15:00 ssh etudiant www
13/09/21 15:00 ssh etudiant www
13/09/21 15:00 ssh etudiant www
13/09/21 15:00 ssh laposte  www
09/09/21 16:00 ssh lorie    postedetravail
09/09/21 16:00 ssh lorie    postedetravail
09/09/21 16:00 ssh lorie    postedetravail
09/09/21 16:00 ssh lorie    postedetravail
# date heure protocole user nomduposte au moins 40 lignes

